Start testing: Feb 21 20:55 UTC
----------------------------------------------------------
1/10 Testing: CanFrameTest.IdProperty
1/10 Test: CanFrameTest.IdProperty
Command: "/home/runner/work/OBD-II-Emulator/OBD-II-Emulator/build/obd_ii_emulator_test" "--gtest_filter=CanFrameTest.IdProperty" "--gtest_also_run_disabled_tests"
Directory: /home/runner/work/OBD-II-Emulator/OBD-II-Emulator/build
"CanFrameTest.IdProperty" start time: Feb 21 20:55 UTC
Output:
----------------------------------------------------------
Running main() from /home/runner/work/OBD-II-Emulator/OBD-II-Emulator/build/_deps/googletest-src/googletest/src/gtest_main.cc
Note: Google Test filter = CanFrameTest.IdProperty
[==========] Running 1 test from 1 test suite.
[----------] Global test environment set-up.
[----------] 1 test from CanFrameTest
[ RUN      ] CanFrameTest.IdProperty
[       OK ] CanFrameTest.IdProperty (0 ms)
[----------] 1 test from CanFrameTest (0 ms total)

[----------] Global test environment tear-down
[==========] 1 test from 1 test suite ran. (0 ms total)
[  PASSED  ] 1 test.
<end of output>
Test time =   0.01 sec
----------------------------------------------------------
Test Passed.
"CanFrameTest.IdProperty" end time: Feb 21 20:55 UTC
"CanFrameTest.IdProperty" time elapsed: 00:00:00
----------------------------------------------------------

2/10 Testing: CanFrameTest.ExtendedProperty
2/10 Test: CanFrameTest.ExtendedProperty
Command: "/home/runner/work/OBD-II-Emulator/OBD-II-Emulator/build/obd_ii_emulator_test" "--gtest_filter=CanFrameTest.ExtendedProperty" "--gtest_also_run_disabled_tests"
Directory: /home/runner/work/OBD-II-Emulator/OBD-II-Emulator/build
"CanFrameTest.ExtendedProperty" start time: Feb 21 20:55 UTC
Output:
----------------------------------------------------------
Running main() from /home/runner/work/OBD-II-Emulator/OBD-II-Emulator/build/_deps/googletest-src/googletest/src/gtest_main.cc
Note: Google Test filter = CanFrameTest.ExtendedProperty
[==========] Running 1 test from 1 test suite.
[----------] Global test environment set-up.
[----------] 1 test from CanFrameTest
[ RUN      ] CanFrameTest.ExtendedProperty
[       OK ] CanFrameTest.ExtendedProperty (0 ms)
[----------] 1 test from CanFrameTest (0 ms total)

[----------] Global test environment tear-down
[==========] 1 test from 1 test suite ran. (0 ms total)
[  PASSED  ] 1 test.
<end of output>
Test time =   0.00 sec
----------------------------------------------------------
Test Passed.
"CanFrameTest.ExtendedProperty" end time: Feb 21 20:55 UTC
"CanFrameTest.ExtendedProperty" time elapsed: 00:00:00
----------------------------------------------------------

3/10 Testing: CanFrameTest.RemoteProperty
3/10 Test: CanFrameTest.RemoteProperty
Command: "/home/runner/work/OBD-II-Emulator/OBD-II-Emulator/build/obd_ii_emulator_test" "--gtest_filter=CanFrameTest.RemoteProperty" "--gtest_also_run_disabled_tests"
Directory: /home/runner/work/OBD-II-Emulator/OBD-II-Emulator/build
"CanFrameTest.RemoteProperty" start time: Feb 21 20:55 UTC
Output:
----------------------------------------------------------
Running main() from /home/runner/work/OBD-II-Emulator/OBD-II-Emulator/build/_deps/googletest-src/googletest/src/gtest_main.cc
Note: Google Test filter = CanFrameTest.RemoteProperty
[==========] Running 1 test from 1 test suite.
[----------] Global test environment set-up.
[----------] 1 test from CanFrameTest
[ RUN      ] CanFrameTest.RemoteProperty
[       OK ] CanFrameTest.RemoteProperty (0 ms)
[----------] 1 test from CanFrameTest (0 ms total)

[----------] Global test environment tear-down
[==========] 1 test from 1 test suite ran. (0 ms total)
[  PASSED  ] 1 test.
<end of output>
Test time =   0.00 sec
----------------------------------------------------------
Test Passed.
"CanFrameTest.RemoteProperty" end time: Feb 21 20:55 UTC
"CanFrameTest.RemoteProperty" time elapsed: 00:00:00
----------------------------------------------------------

4/10 Testing: CanFrameTest.DataLengthProperty
4/10 Test: CanFrameTest.DataLengthProperty
Command: "/home/runner/work/OBD-II-Emulator/OBD-II-Emulator/build/obd_ii_emulator_test" "--gtest_filter=CanFrameTest.DataLengthProperty" "--gtest_also_run_disabled_tests"
Directory: /home/runner/work/OBD-II-Emulator/OBD-II-Emulator/build
"CanFrameTest.DataLengthProperty" start time: Feb 21 20:55 UTC
Output:
----------------------------------------------------------
Running main() from /home/runner/work/OBD-II-Emulator/OBD-II-Emulator/build/_deps/googletest-src/googletest/src/gtest_main.cc
Note: Google Test filter = CanFrameTest.DataLengthProperty
[==========] Running 1 test from 1 test suite.
[----------] Global test environment set-up.
[----------] 1 test from CanFrameTest
[ RUN      ] CanFrameTest.DataLengthProperty
[       OK ] CanFrameTest.DataLengthProperty (0 ms)
[----------] 1 test from CanFrameTest (0 ms total)

[----------] Global test environment tear-down
[==========] 1 test from 1 test suite ran. (0 ms total)
[  PASSED  ] 1 test.
<end of output>
Test time =   0.00 sec
----------------------------------------------------------
Test Passed.
"CanFrameTest.DataLengthProperty" end time: Feb 21 20:55 UTC
"CanFrameTest.DataLengthProperty" time elapsed: 00:00:00
----------------------------------------------------------

5/10 Testing: CanFrameTest.DataProperty
5/10 Test: CanFrameTest.DataProperty
Command: "/home/runner/work/OBD-II-Emulator/OBD-II-Emulator/build/obd_ii_emulator_test" "--gtest_filter=CanFrameTest.DataProperty" "--gtest_also_run_disabled_tests"
Directory: /home/runner/work/OBD-II-Emulator/OBD-II-Emulator/build
"CanFrameTest.DataProperty" start time: Feb 21 20:55 UTC
Output:
----------------------------------------------------------
Running main() from /home/runner/work/OBD-II-Emulator/OBD-II-Emulator/build/_deps/googletest-src/googletest/src/gtest_main.cc
Note: Google Test filter = CanFrameTest.DataProperty
[==========] Running 1 test from 1 test suite.
[----------] Global test environment set-up.
[----------] 1 test from CanFrameTest
[ RUN      ] CanFrameTest.DataProperty
[       OK ] CanFrameTest.DataProperty (0 ms)
[----------] 1 test from CanFrameTest (0 ms total)

[----------] Global test environment tear-down
[==========] 1 test from 1 test suite ran. (0 ms total)
[  PASSED  ] 1 test.
<end of output>
Test time =   0.00 sec
----------------------------------------------------------
Test Passed.
"CanFrameTest.DataProperty" end time: Feb 21 20:55 UTC
"CanFrameTest.DataProperty" time elapsed: 00:00:00
----------------------------------------------------------

6/10 Testing: CanDriverTest.GetConfigurationMethod
6/10 Test: CanDriverTest.GetConfigurationMethod
Command: "/home/runner/work/OBD-II-Emulator/OBD-II-Emulator/build/obd_ii_emulator_test" "--gtest_filter=CanDriverTest.GetConfigurationMethod" "--gtest_also_run_disabled_tests"
Directory: /home/runner/work/OBD-II-Emulator/OBD-II-Emulator/build
"CanDriverTest.GetConfigurationMethod" start time: Feb 21 20:55 UTC
Output:
----------------------------------------------------------
Running main() from /home/runner/work/OBD-II-Emulator/OBD-II-Emulator/build/_deps/googletest-src/googletest/src/gtest_main.cc
Note: Google Test filter = CanDriverTest.GetConfigurationMethod
[==========] Running 1 test from 1 test suite.
[----------] Global test environment set-up.
[----------] 1 test from CanDriverTest
[ RUN      ] CanDriverTest.GetConfigurationMethod
[       OK ] CanDriverTest.GetConfigurationMethod (0 ms)
[----------] 1 test from CanDriverTest (0 ms total)

[----------] Global test environment tear-down
[==========] 1 test from 1 test suite ran. (0 ms total)
[  PASSED  ] 1 test.
<end of output>
Test time =   0.00 sec
----------------------------------------------------------
Test Passed.
"CanDriverTest.GetConfigurationMethod" end time: Feb 21 20:55 UTC
"CanDriverTest.GetConfigurationMethod" time elapsed: 00:00:00
----------------------------------------------------------

7/10 Testing: CanDriverTest.StandardSerializeMethod
7/10 Test: CanDriverTest.StandardSerializeMethod
Command: "/home/runner/work/OBD-II-Emulator/OBD-II-Emulator/build/obd_ii_emulator_test" "--gtest_filter=CanDriverTest.StandardSerializeMethod" "--gtest_also_run_disabled_tests"
Directory: /home/runner/work/OBD-II-Emulator/OBD-II-Emulator/build
"CanDriverTest.StandardSerializeMethod" start time: Feb 21 20:55 UTC
Output:
----------------------------------------------------------
Running main() from /home/runner/work/OBD-II-Emulator/OBD-II-Emulator/build/_deps/googletest-src/googletest/src/gtest_main.cc
Note: Google Test filter = CanDriverTest.StandardSerializeMethod
[==========] Running 1 test from 1 test suite.
[----------] Global test environment set-up.
[----------] 1 test from CanDriverTest
[ RUN      ] CanDriverTest.StandardSerializeMethod
[       OK ] CanDriverTest.StandardSerializeMethod (0 ms)
[----------] 1 test from CanDriverTest (0 ms total)

[----------] Global test environment tear-down
[==========] 1 test from 1 test suite ran. (0 ms total)
[  PASSED  ] 1 test.
<end of output>
Test time =   0.00 sec
----------------------------------------------------------
Test Passed.
"CanDriverTest.StandardSerializeMethod" end time: Feb 21 20:55 UTC
"CanDriverTest.StandardSerializeMethod" time elapsed: 00:00:00
----------------------------------------------------------

8/10 Testing: CanDriverTest.ExtendedSerializeMethod
8/10 Test: CanDriverTest.ExtendedSerializeMethod
Command: "/home/runner/work/OBD-II-Emulator/OBD-II-Emulator/build/obd_ii_emulator_test" "--gtest_filter=CanDriverTest.ExtendedSerializeMethod" "--gtest_also_run_disabled_tests"
Directory: /home/runner/work/OBD-II-Emulator/OBD-II-Emulator/build
"CanDriverTest.ExtendedSerializeMethod" start time: Feb 21 20:55 UTC
Output:
----------------------------------------------------------
Running main() from /home/runner/work/OBD-II-Emulator/OBD-II-Emulator/build/_deps/googletest-src/googletest/src/gtest_main.cc
Note: Google Test filter = CanDriverTest.ExtendedSerializeMethod
[==========] Running 1 test from 1 test suite.
[----------] Global test environment set-up.
[----------] 1 test from CanDriverTest
[ RUN      ] CanDriverTest.ExtendedSerializeMethod
[       OK ] CanDriverTest.ExtendedSerializeMethod (0 ms)
[----------] 1 test from CanDriverTest (0 ms total)

[----------] Global test environment tear-down
[==========] 1 test from 1 test suite ran. (0 ms total)
[  PASSED  ] 1 test.
<end of output>
Test time =   0.00 sec
----------------------------------------------------------
Test Passed.
"CanDriverTest.ExtendedSerializeMethod" end time: Feb 21 20:55 UTC
"CanDriverTest.ExtendedSerializeMethod" time elapsed: 00:00:00
----------------------------------------------------------

9/10 Testing: CanDriverTest.StandardDeserializeMethod
9/10 Test: CanDriverTest.StandardDeserializeMethod
Command: "/home/runner/work/OBD-II-Emulator/OBD-II-Emulator/build/obd_ii_emulator_test" "--gtest_filter=CanDriverTest.StandardDeserializeMethod" "--gtest_also_run_disabled_tests"
Directory: /home/runner/work/OBD-II-Emulator/OBD-II-Emulator/build
"CanDriverTest.StandardDeserializeMethod" start time: Feb 21 20:55 UTC
Output:
----------------------------------------------------------
Running main() from /home/runner/work/OBD-II-Emulator/OBD-II-Emulator/build/_deps/googletest-src/googletest/src/gtest_main.cc
Note: Google Test filter = CanDriverTest.StandardDeserializeMethod
[==========] Running 1 test from 1 test suite.
[----------] Global test environment set-up.
[----------] 1 test from CanDriverTest
[ RUN      ] CanDriverTest.StandardDeserializeMethod
[       OK ] CanDriverTest.StandardDeserializeMethod (0 ms)
[----------] 1 test from CanDriverTest (0 ms total)

[----------] Global test environment tear-down
[==========] 1 test from 1 test suite ran. (0 ms total)
[  PASSED  ] 1 test.
<end of output>
Test time =   0.00 sec
----------------------------------------------------------
Test Passed.
"CanDriverTest.StandardDeserializeMethod" end time: Feb 21 20:55 UTC
"CanDriverTest.StandardDeserializeMethod" time elapsed: 00:00:00
----------------------------------------------------------

10/10 Testing: CanDriverTest.ExtendedDeserializeMethod
10/10 Test: CanDriverTest.ExtendedDeserializeMethod
Command: "/home/runner/work/OBD-II-Emulator/OBD-II-Emulator/build/obd_ii_emulator_test" "--gtest_filter=CanDriverTest.ExtendedDeserializeMethod" "--gtest_also_run_disabled_tests"
Directory: /home/runner/work/OBD-II-Emulator/OBD-II-Emulator/build
"CanDriverTest.ExtendedDeserializeMethod" start time: Feb 21 20:55 UTC
Output:
----------------------------------------------------------
Running main() from /home/runner/work/OBD-II-Emulator/OBD-II-Emulator/build/_deps/googletest-src/googletest/src/gtest_main.cc
Note: Google Test filter = CanDriverTest.ExtendedDeserializeMethod
[==========] Running 1 test from 1 test suite.
[----------] Global test environment set-up.
[----------] 1 test from CanDriverTest
[ RUN      ] CanDriverTest.ExtendedDeserializeMethod
[       OK ] CanDriverTest.ExtendedDeserializeMethod (0 ms)
[----------] 1 test from CanDriverTest (0 ms total)

[----------] Global test environment tear-down
[==========] 1 test from 1 test suite ran. (0 ms total)
[  PASSED  ] 1 test.
<end of output>
Test time =   0.00 sec
----------------------------------------------------------
Test Passed.
"CanDriverTest.ExtendedDeserializeMethod" end time: Feb 21 20:55 UTC
"CanDriverTest.ExtendedDeserializeMethod" time elapsed: 00:00:00
----------------------------------------------------------

End testing: Feb 21 20:55 UTC
